{"C:\\dev\\vitest-tutorial\\src\\sum.ts": {"path":"C:\\dev\\vitest-tutorial\\src\\sum.ts","all":false,"statementMap":{"0":{"start":{"line":1,"column":0},"end":{"line":1,"column":51}},"1":{"start":{"line":2,"column":0},"end":{"line":2,"column":63}},"2":{"start":{"line":3,"column":0},"end":{"line":3,"column":1}}},"s":{"0":1,"1":1,"2":1},"branchMap":{"0":{"type":"branch","line":2,"loc":{"start":{"line":2,"column":27},"end":{"line":2,"column":61}},"locations":[{"start":{"line":2,"column":27},"end":{"line":2,"column":61}}]}},"b":{"0":[4]},"fnMap":{},"f":{}}
}
